TN:
SF:/home/taombawkry/projects/SummitShare-Contracts/contracts/contracts/ArtifactNFT.sol
FN:20,constructor
FN:24,mint
FN:31,_baseURI
FN:35,setBaseURI
FNF:4
FNH:3
FNDA:8,constructor
FNDA:2,mint
FNDA:1,_baseURI
FNDA:0,setBaseURI
DA:21,8
DA:25,2
DA:26,2
DA:27,2
DA:28,2
DA:32,1
DA:36,0
LF:7
LH:6
BRDA:24,1,0,2
BRDA:24,1,1,0
BRDA:35,2,0,0
BRDA:35,2,1,0
BRF:4
BRH:1
end_of_record
TN:
SF:/home/taombawkry/projects/SummitShare-Contracts/contracts/contracts/EventOrganizerService.sol
FN:35,constructor
FN:44,deployArtifactNFT
FN:56,organizeExhibit
FN:78,getExhibitNFTAddress
FNF:4
FNH:4
FNDA:3,constructor
FNDA:1,deployArtifactNFT
FNDA:9,organizeExhibit
FNDA:7,getExhibitNFTAddress
DA:36,3
DA:45,1
DA:46,1
DA:57,9
DA:59,8
DA:62,8
DA:70,8
DA:71,8
DA:72,8
DA:74,8
DA:79,7
LF:11
LH:11
BRDA:44,1,0,1
BRDA:44,1,1,0
BRDA:56,2,0,9
BRDA:56,2,1,0
BRDA:57,3,0,8
BRDA:57,3,1,1
BRF:6
BRH:4
end_of_record
TN:
SF:/home/taombawkry/projects/SummitShare-Contracts/contracts/contracts/ExhibitNFT.sol
FN:38,constructor
FN:65,mintTicket
FN:82,_baseURI
FN:90,setBaseURI
FNF:4
FNH:3
FNDA:9,constructor
FNDA:12,mintTicket
FNDA:1,_baseURI
FNDA:0,setBaseURI
DA:39,9
DA:41,9
DA:42,9
DA:43,9
DA:44,9
DA:45,9
DA:46,9
DA:47,9
DA:49,9
DA:66,12
DA:67,1
DA:70,11
DA:71,11
DA:72,11
DA:74,11
DA:75,11
DA:83,1
DA:91,0
LF:18
LH:17
BRDA:39,1,0,9
BRDA:39,1,1,0
BRDA:66,2,0,1
BRDA:66,2,1,11
BRDA:90,3,0,0
BRDA:90,3,1,0
BRF:6
BRH:3
end_of_record
TN:
SF:/home/taombawkry/projects/SummitShare-Contracts/contracts/contracts/ExhibitStructs.sol
FNF:0
FNH:0
LF:0
LH:0
BRF:0
BRH:0
end_of_record
TN:
SF:/home/taombawkry/projects/SummitShare-Contracts/contracts/contracts/MUSDT.sol
FN:13,constructor
FNF:1
FNH:1
FNDA:4,constructor
DA:14,4
LF:1
LH:1
BRF:0
BRH:0
end_of_record
TN:
SF:/home/taombawkry/projects/SummitShare-Contracts/contracts/contracts/Museum.sol
FN:26,constructor
FN:35,curateExhibit
FN:46,verifyTicketOwnership
FNF:3
FNH:3
FNDA:3,constructor
FNDA:8,curateExhibit
FNDA:1,verifyTicketOwnership
DA:27,3
DA:36,8
DA:37,8
DA:47,1
DA:49,1
DA:50,0
DA:52,1
LF:7
LH:6
BRDA:35,1,0,8
BRDA:35,1,1,2
BRDA:49,2,0,0
BRDA:49,2,1,1
BRF:4
BRH:3
end_of_record
TN:
SF:/home/taombawkry/projects/SummitShare-Contracts/contracts/contracts/PaymentHandler.sol
FN:38,constructor
FN:58,setTicketingEnabled
FN:70,_splitTokens
FN:89,processPayment
FNF:4
FNH:4
FNDA:9,constructor
FNDA:9,setTicketingEnabled
FNDA:7,_splitTokens
FNDA:7,processPayment
DA:39,9
DA:40,9
DA:42,9
DA:44,9
DA:45,19
DA:46,19
DA:47,19
DA:50,9
DA:59,9
DA:60,9
DA:61,9
DA:71,7
DA:72,14
DA:73,14
DA:75,14
DA:76,14
DA:77,14
DA:78,14
DA:90,7
DA:93,7
DA:94,7
DA:97,7
DA:100,7
DA:101,7
DA:102,7
DA:105,7
LF:26
LH:26
BRDA:39,1,0,9
BRDA:39,1,1,0
BRDA:40,2,0,9
BRDA:40,2,1,0
BRDA:58,3,0,9
BRDA:58,3,1,0
BRDA:59,4,0,9
BRDA:59,4,1,0
BRDA:59,5,0,9
BRDA:59,5,1,0
BRDA:75,6,0,14
BRDA:75,6,1,0
BRDA:77,7,0,14
BRDA:77,7,1,0
BRDA:90,8,0,7
BRDA:90,8,1,0
BRDA:94,9,0,7
BRDA:94,9,1,0
BRDA:100,10,0,7
BRDA:100,10,1,0
BRF:20
BRH:10
end_of_record
