TN:
SF:/home/taombawkry/projects/SummitShare-Contracts/contracts/contracts/ArtifactNFT.sol
FN:20,constructor
FN:24,mint
FN:31,_baseURI
FN:35,setBaseURI
FNF:4
FNH:3
FNDA:9,constructor
FNDA:2,mint
FNDA:1,_baseURI
FNDA:0,setBaseURI
DA:21,9
DA:25,2
DA:26,2
DA:27,2
DA:28,2
DA:32,1
DA:36,0
LF:7
LH:6
BRDA:24,1,0,2
BRDA:24,1,1,0
BRDA:35,2,0,0
BRDA:35,2,1,0
BRF:4
BRH:1
end_of_record
TN:
SF:/home/taombawkry/projects/SummitShare-Contracts/contracts/contracts/EventOrganizerService.sol
FN:35,constructor
FN:44,deployArtifactNFT
FN:55,organizeExhibit
FN:79,getExhibitNFTAddress
FNF:4
FNH:4
FNDA:3,constructor
FNDA:1,deployArtifactNFT
FNDA:9,organizeExhibit
FNDA:7,getExhibitNFTAddress
DA:36,3
DA:45,1
DA:46,1
DA:56,9
DA:58,8
DA:61,8
DA:70,8
DA:72,8
DA:74,8
DA:75,8
DA:80,7
LF:11
LH:11
BRDA:44,1,0,1
BRDA:44,1,1,0
BRDA:55,2,0,9
BRDA:55,2,1,0
BRDA:56,3,0,8
BRDA:56,3,1,1
BRF:6
BRH:4
end_of_record
TN:
SF:/home/taombawkry/projects/SummitShare-Contracts/contracts/contracts/ExhibitNFT.sol
FN:38,constructor
FN:65,mintTicket
FN:82,_baseURI
FN:90,setBaseURI
FNF:4
FNH:4
FNDA:10,constructor
FNDA:21,mintTicket
FNDA:2,_baseURI
FNDA:1,setBaseURI
DA:39,10
DA:41,10
DA:42,10
DA:43,10
DA:44,10
DA:45,10
DA:46,10
DA:47,10
DA:49,10
DA:66,21
DA:67,2
DA:70,19
DA:71,19
DA:72,19
DA:74,19
DA:75,19
DA:83,2
DA:91,1
LF:18
LH:18
BRDA:39,1,0,10
BRDA:39,1,1,0
BRDA:66,2,0,2
BRDA:66,2,1,19
BRDA:90,3,0,1
BRDA:90,3,1,0
BRF:6
BRH:4
end_of_record
TN:
SF:/home/taombawkry/projects/SummitShare-Contracts/contracts/contracts/ExhibitStructs.sol
FNF:0
FNH:0
LF:0
LH:0
BRF:0
BRH:0
end_of_record
TN:
SF:/home/taombawkry/projects/SummitShare-Contracts/contracts/contracts/MUSDT.sol
FN:13,constructor
FNF:1
FNH:1
FNDA:5,constructor
DA:14,5
LF:1
LH:1
BRF:0
BRH:0
end_of_record
TN:
SF:/home/taombawkry/projects/SummitShare-Contracts/contracts/contracts/Museum.sol
FN:26,constructor
FN:35,curateExhibit
FN:46,verifyTicketOwnership
FNF:3
FNH:3
FNDA:3,constructor
FNDA:8,curateExhibit
FNDA:2,verifyTicketOwnership
DA:27,3
DA:36,8
DA:37,8
DA:47,2
DA:49,2
DA:50,1
DA:52,1
LF:7
LH:7
BRDA:35,1,0,8
BRDA:35,1,1,2
BRDA:49,2,0,1
BRDA:49,2,1,1
BRF:4
BRH:4
end_of_record
TN:
SF:/home/taombawkry/projects/SummitShare-Contracts/contracts/contracts/PaymentHandler.sol
FN:39,constructor
FN:59,setTicketingEnabled
FN:71,_splitTokens
FN:91,processPayment
FNF:4
FNH:4
FNDA:10,constructor
FNDA:18,setTicketingEnabled
FNDA:14,_splitTokens
FNDA:15,processPayment
DA:40,10
DA:41,10
DA:43,10
DA:45,10
DA:46,22
DA:47,22
DA:48,22
DA:50,10
DA:51,10
DA:60,18
DA:61,17
DA:62,17
DA:72,14
DA:73,14
DA:74,35
DA:75,35
DA:77,35
DA:78,35
DA:79,35
DA:80,35
DA:92,15
DA:94,14
DA:95,14
DA:97,14
DA:99,14
DA:100,12
DA:101,12
DA:104,14
LF:28
LH:28
BRDA:40,1,0,10
BRDA:40,1,1,0
BRDA:41,2,0,10
BRDA:41,2,1,0
BRDA:59,3,0,18
BRDA:59,3,1,0
BRDA:60,4,0,17
BRDA:60,4,1,1
BRDA:60,5,0,17
BRDA:60,5,1,0
BRDA:77,6,0,35
BRDA:77,6,1,0
BRDA:79,7,0,35
BRDA:79,7,1,0
BRDA:91,8,0,15
BRDA:91,8,1,0
BRDA:92,9,0,14
BRDA:92,9,1,1
BRDA:95,10,0,14
BRDA:95,10,1,0
BRDA:99,11,0,12
BRDA:99,11,1,2
BRF:22
BRH:14
end_of_record
